Using pre-set license
Built from '2022.3/release' branch; Version is '2022.3.20f1 (61c2feb0970d) revision 6406910'; Using compiler version '192829333'; Build Type 'Release'
OS: 'Windows 10  (10.0.19045) 64bit Professional' Language: 'en' Physical Memory: 16114 MB
BatchMode: 1, IsHumanControllingUs: 0, StartBugReporterOnCrash: 0, Is64bit: 1, IsPro: 1

COMMAND LINE ARGUMENTS:
C:\Program Files\Unity\Hub\Editor\2022.3.20f1\Editor\Unity.exe
-adb2
-batchMode
-noUpm
-name
AssetImportWorker1
-projectPath
D:/runner/Fairy_Runner
-logFile
Logs/AssetImportWorker1.log
-srvPort
52299
Successfully changed project path to: D:/runner/Fairy_Runner
D:/runner/Fairy_Runner
[UnityMemory] Configuration Parameters - Can be set up in boot.config
    "memorysetup-bucket-allocator-granularity=16"
    "memorysetup-bucket-allocator-bucket-count=8"
    "memorysetup-bucket-allocator-block-size=33554432"
    "memorysetup-bucket-allocator-block-count=8"
    "memorysetup-main-allocator-block-size=16777216"
    "memorysetup-thread-allocator-block-size=16777216"
    "memorysetup-gfx-main-allocator-block-size=16777216"
    "memorysetup-gfx-thread-allocator-block-size=16777216"
    "memorysetup-cache-allocator-block-size=4194304"
    "memorysetup-typetree-allocator-block-size=2097152"
    "memorysetup-profiler-bucket-allocator-granularity=16"
    "memorysetup-profiler-bucket-allocator-bucket-count=8"
    "memorysetup-profiler-bucket-allocator-block-size=33554432"
    "memorysetup-profiler-bucket-allocator-block-count=8"
    "memorysetup-profiler-allocator-block-size=16777216"
    "memorysetup-profiler-editor-allocator-block-size=1048576"
    "memorysetup-temp-allocator-size-main=16777216"
    "memorysetup-job-temp-allocator-block-size=2097152"
    "memorysetup-job-temp-allocator-block-size-background=1048576"
    "memorysetup-job-temp-allocator-reduction-small-platforms=262144"
    "memorysetup-allocator-temp-initial-block-size-main=262144"
    "memorysetup-allocator-temp-initial-block-size-worker=262144"
    "memorysetup-temp-allocator-size-background-worker=32768"
    "memorysetup-temp-allocator-size-job-worker=262144"
    "memorysetup-temp-allocator-size-preload-manager=33554432"
    "memorysetup-temp-allocator-size-nav-mesh-worker=65536"
    "memorysetup-temp-allocator-size-audio-worker=65536"
    "memorysetup-temp-allocator-size-cloud-worker=32768"
    "memorysetup-temp-allocator-size-gi-baking-worker=262144"
    "memorysetup-temp-allocator-size-gfx=262144"
Player connection [47840] Host "[IP] 192.168.6.214 [Port] 0 [Flags] 2 [Guid] 2564374152 [EditorId] 2564374152 [Version] 1048832 [Id] WindowsEditor(7,TSQ-75) [Debug] 1 [PackageName] WindowsEditor [ProjectName] Editor" joined multi-casting on [225.0.0.222:54997]...

Player connection [47840] Host "[IP] 192.168.6.214 [Port] 0 [Flags] 2 [Guid] 2564374152 [EditorId] 2564374152 [Version] 1048832 [Id] WindowsEditor(7,TSQ-75) [Debug] 1 [PackageName] WindowsEditor [ProjectName] Editor" joined alternative multi-casting on [225.0.0.222:34997]...

[Physics::Module] Initialized MultithreadedJobDispatcher with 15 workers.
Refreshing native plugins compatible for Editor in 14.66 ms, found 3 plugins.
Preloading 0 native plugins for Editor in 0.00 ms.
Initialize engine version: 2022.3.20f1 (61c2feb0970d)
[Subsystems] Discovering subsystems at path C:/Program Files/Unity/Hub/Editor/2022.3.20f1/Editor/Data/Resources/UnitySubsystems
[Subsystems] Discovering subsystems at path D:/runner/Fairy_Runner/Assets
GfxDevice: creating device client; threaded=0; jobified=0
Direct3D:
    Version:  Direct3D 11.0 [level 11.1]
    Renderer: NVIDIA GeForce RTX 3050 Ti Laptop GPU (ID=0x25a0)
    Vendor:   NVIDIA
    VRAM:     3976 MB
    Driver:   31.0.15.2879
Initialize mono
Mono path[0] = 'C:/Program Files/Unity/Hub/Editor/2022.3.20f1/Editor/Data/Managed'
Mono path[1] = 'C:/Program Files/Unity/Hub/Editor/2022.3.20f1/Editor/Data/MonoBleedingEdge/lib/mono/unityjit-win32'
Mono config path = 'C:/Program Files/Unity/Hub/Editor/2022.3.20f1/Editor/Data/MonoBleedingEdge/etc'
Using monoOptions --debugger-agent=transport=dt_socket,embedding=1,server=y,suspend=n,address=127.0.0.1:56084
Begin MonoManager ReloadAssembly
Registering precompiled unity dll's ...
Register platform support module: C:/Program Files/Unity/Hub/Editor/2022.3.20f1/Editor/Data/PlaybackEngines/WebGLSupport/UnityEditor.WebGL.Extensions.dll
Register platform support module: C:/Program Files/Unity/Hub/Editor/2022.3.20f1/Editor/Data/PlaybackEngines/WindowsStandaloneSupport/UnityEditor.WindowsStandalone.Extensions.dll
Registered in 0.011156 seconds.
- Loaded All Assemblies, in  0.531 seconds
Native extension for WindowsStandalone target not found
Native extension for WebGL target not found
Mono: successfully reloaded assembly
- Finished resetting the current domain, in  0.384 seconds
Domain Reload Profiling: 914ms
	BeginReloadAssembly (220ms)
		ExecutionOrderSort (0ms)
		DisableScriptedObjects (0ms)
		BackupInstance (0ms)
		ReleaseScriptingObjects (0ms)
		CreateAndSetChildDomain (1ms)
	RebuildCommonClasses (48ms)
	RebuildNativeTypeToScriptingClass (16ms)
	initialDomainReloadingComplete (65ms)
	LoadAllAssembliesAndSetupDomain (180ms)
		LoadAssemblies (221ms)
		RebuildTransferFunctionScriptingTraits (0ms)
		AnalyzeDomain (175ms)
			TypeCache.Refresh (173ms)
				TypeCache.ScanAssembly (149ms)
			ScanForSourceGeneratedMonoScriptInfo (1ms)
			ResolveRequiredComponents (1ms)
	FinalizeReload (385ms)
		ReleaseScriptCaches (0ms)
		RebuildScriptCaches (0ms)
		SetupLoadedEditorAssemblies (290ms)
			LogAssemblyErrors (0ms)
			InitializePlatformSupportModulesInManaged (13ms)
			SetLoadedEditorAssemblies (5ms)
			RefreshPlugins (0ms)
			BeforeProcessingInitializeOnLoad (2ms)
			ProcessInitializeOnLoadAttributes (194ms)
			ProcessInitializeOnLoadMethodAttributes (75ms)
			AfterProcessingInitializeOnLoad (0ms)
			EditorAssembliesLoaded (0ms)
		ExecutionOrderSort2 (0ms)
		AwakeInstancesAfterBackupRestoration (0ms)
========================================================================
Worker process is ready to serve import requests
Begin MonoManager ReloadAssembly
- Loaded All Assemblies, in  0.959 seconds
Refreshing native plugins compatible for Editor in 6.78 ms, found 3 plugins.
Native extension for WindowsStandalone target not found
Native extension for WebGL target not found
Package Manager log level set to [2]
[Package Manager] Server::EnsureServerProcessIsRunning -- launch failed, reason: Unity was launched with the -noUpm command-line argument
[Package Manager] UpmClient::Send -- Unable to send message (not connected to UPM process).
[Package Manager] Cannot connect to Unity Package Manager local server
Mono: successfully reloaded assembly
- Finished resetting the current domain, in  0.739 seconds
Domain Reload Profiling: 1697ms
	BeginReloadAssembly (285ms)
		ExecutionOrderSort (0ms)
		DisableScriptedObjects (6ms)
		BackupInstance (0ms)
		ReleaseScriptingObjects (0ms)
		CreateAndSetChildDomain (25ms)
	RebuildCommonClasses (41ms)
	RebuildNativeTypeToScriptingClass (10ms)
	initialDomainReloadingComplete (50ms)
	LoadAllAssembliesAndSetupDomain (571ms)
		LoadAssemblies (510ms)
		RebuildTransferFunctionScriptingTraits (0ms)
		AnalyzeDomain (262ms)
			TypeCache.Refresh (236ms)
				TypeCache.ScanAssembly (216ms)
			ScanForSourceGeneratedMonoScriptInfo (20ms)
			ResolveRequiredComponents (5ms)
	FinalizeReload (740ms)
		ReleaseScriptCaches (0ms)
		RebuildScriptCaches (0ms)
		SetupLoadedEditorAssemblies (547ms)
			LogAssemblyErrors (0ms)
			InitializePlatformSupportModulesInManaged (14ms)
			SetLoadedEditorAssemblies (5ms)
			RefreshPlugins (0ms)
			BeforeProcessingInitializeOnLoad (79ms)
			ProcessInitializeOnLoadAttributes (418ms)
			ProcessInitializeOnLoadMethodAttributes (19ms)
			AfterProcessingInitializeOnLoad (11ms)
			EditorAssembliesLoaded (0ms)
		ExecutionOrderSort2 (0ms)
		AwakeInstancesAfterBackupRestoration (7ms)
Launched and connected shader compiler UnityShaderCompiler.exe after 0.05 seconds
Refreshing native plugins compatible for Editor in 6.64 ms, found 3 plugins.
Preloading 0 native plugins for Editor in 0.00 ms.
Unloading 3620 Unused Serialized files (Serialized files now loaded: 0)
Unloading 51 unused Assets / (1.3 MB). Loaded Objects now: 4101.
Memory consumption went from 168.2 MB to 167.0 MB.
Total: 4.662400 ms (FindLiveObjects: 0.444500 ms CreateObjectMapping: 0.168800 ms MarkObjects: 3.495900 ms  DeleteObjects: 0.551300 ms)

AssetImportParameters requested are different than current active one (requested -> active):
  custom:container-demuxer-ogg: 62fdf1f143b41e24485cea50d1cbac27 -> 
  custom:video-decoder-ogg-theora: a1e56fd34408186e4bbccfd4996cb3dc -> 
  custom:framework-win-MediaFoundation: 216162199b28c13a410421893ffa2e32 -> 
  custom:CustomObjectIndexerAttribute: 6d391050e5a25f67b0a2c618074f2cd9 -> 
  custom:container-demuxer-webm: 4f35f7cbe854078d1ac9338744f61a02 -> 
  custom:container-muxer-webm: aa71ff27fc2769a1b78a27578f13a17b -> 
  custom:video-decoder-webm-vp8: 9c59270c3fd7afecdb556c50c9e8de78 -> 
  custom:SearchIndexIgnoredProperties: e643bd26f0fe6173181afceb89e7c659 -> 
  custom:AudioImporter_EditorPlatform: d09bf68614088b80899f8185d706f6e7 -> 
  custom:video-encoder-webm-vp8: eb34c28f22e8b96e1ab97ce403110664 -> 
  custom:audio-decoder-ogg-vorbis: bf7c407c2cedff20999df2af8eb42d56 -> 
  custom:audio-encoder-webm-vorbis: bf7c407c2cedff20999df2af8eb42d56 -> 
========================================================================
Received Import Request.
  Time since last request: 1138377.979214 seconds.
  path: Assets/prefabs/obstacles/ground 2.prefab
  artifactKey: Guid(90bfaccb5a0ef844395cddc864994121) Importer(2089858483,0ecaa5967403d082aa24f35e1b516d23)
Start importing Assets/prefabs/obstacles/ground 2.prefab using Guid(90bfaccb5a0ef844395cddc864994121) Importer(2089858483,0ecaa5967403d082aa24f35e1b516d23) Generated GUIDs only implemented for interfaces!
 -> (artifact id: 'e3e8babe8706eaac2eadf0fba2419566') in 0.160845 seconds
Number of updated asset objects reloaded before import = 0
Number of asset objects unloaded after import = 1654
========================================================================
Received Import Request.
  Time since last request: 0.000042 seconds.
  path: Assets/prefabs/triggers/must_jump_trigger_.prefab
  artifactKey: Guid(5c2c21d60b7359b4a95402c0cf9253f5) Importer(2089858483,0ecaa5967403d082aa24f35e1b516d23)
Start importing Assets/prefabs/triggers/must_jump_trigger_.prefab using Guid(5c2c21d60b7359b4a95402c0cf9253f5) Importer(2089858483,0ecaa5967403d082aa24f35e1b516d23) Generated GUIDs only implemented for interfaces!
 -> (artifact id: '849468c4754c25ed92ff7b9766ea15dd') in 0.012026 seconds
Number of updated asset objects reloaded before import = 0
Number of asset objects unloaded after import = 5
========================================================================
Received Import Request.
  Time since last request: 0.000025 seconds.
  path: Assets/materials/lightbrown.mat
  artifactKey: Guid(bc9d9939535362241addab8c9b068ded) Importer(2089858483,0ecaa5967403d082aa24f35e1b516d23)
Start importing Assets/materials/lightbrown.mat using Guid(bc9d9939535362241addab8c9b068ded) Importer(2089858483,0ecaa5967403d082aa24f35e1b516d23) Generated GUIDs only implemented for interfaces!
 -> (artifact id: '551b916a4fb899677277f6e8966d9f9b') in 0.035018 seconds
Number of updated asset objects reloaded before import = 0
Number of asset objects unloaded after import = 1
========================================================================
Received Import Request.
  Time since last request: 0.000020 seconds.
  path: Assets/animations/end/defeat.anim
  artifactKey: Guid(a540d4472d424e44ebfe6be0b07de7df) Importer(2089858483,0ecaa5967403d082aa24f35e1b516d23)
Start importing Assets/animations/end/defeat.anim using Guid(a540d4472d424e44ebfe6be0b07de7df) Importer(2089858483,0ecaa5967403d082aa24f35e1b516d23) Generated GUIDs only implemented for interfaces!
 -> (artifact id: '7bc4b2b142d4ff5e718ff07fffe550cb') in 0.054595 seconds
Number of updated asset objects reloaded before import = 0
Number of asset objects unloaded after import = 1
========================================================================
Received Import Request.
  Time since last request: 0.000020 seconds.
  path: Assets/animations/JUMP.anim
  artifactKey: Guid(0f78147f3c69eaf4bbcee8d6e9f1bd69) Importer(2089858483,0ecaa5967403d082aa24f35e1b516d23)
Start importing Assets/animations/JUMP.anim using Guid(0f78147f3c69eaf4bbcee8d6e9f1bd69) Importer(2089858483,0ecaa5967403d082aa24f35e1b516d23) Generated GUIDs only implemented for interfaces!
 -> (artifact id: '0f192daab01439b8c919eb86fb681e21') in 0.044736 seconds
Number of updated asset objects reloaded before import = 0
Number of asset objects unloaded after import = 1
========================================================================
Received Import Request.
  Time since last request: 0.000020 seconds.
  path: Assets/animations/player.controller
  artifactKey: Guid(c3a4ed0e3be8d054f914aeb08722272e) Importer(2089858483,0ecaa5967403d082aa24f35e1b516d23)
Start importing Assets/animations/player.controller using Guid(c3a4ed0e3be8d054f914aeb08722272e) Importer(2089858483,0ecaa5967403d082aa24f35e1b516d23) Generated GUIDs only implemented for interfaces!
 -> (artifact id: 'eaa4a414b5ec21e01b621320c076586e') in 0.027708 seconds
Number of updated asset objects reloaded before import = 0
Number of asset objects unloaded after import = 12
========================================================================
Received Import Request.
  Time since last request: 0.000053 seconds.
  path: Assets/prefabs/obstacles/rock2.prefab
  artifactKey: Guid(7834c270a7e6b6e429ef53de47aebfd6) Importer(2089858483,0ecaa5967403d082aa24f35e1b516d23)
Start importing Assets/prefabs/obstacles/rock2.prefab using Guid(7834c270a7e6b6e429ef53de47aebfd6) Importer(2089858483,0ecaa5967403d082aa24f35e1b516d23) Generated GUIDs only implemented for interfaces!
 -> (artifact id: '05321b7d7eaaebc6e9fe9e3bbb2addde') in 0.027922 seconds
Number of updated asset objects reloaded before import = 0
Number of asset objects unloaded after import = 14
========================================================================
Received Import Request.
  Time since last request: 0.000031 seconds.
  path: Assets/animations/Ch34_nonPBR@Fast Run (1).controller
  artifactKey: Guid(e035583925d9f344bad2db5938e42ab2) Importer(2089858483,0ecaa5967403d082aa24f35e1b516d23)
Start importing Assets/animations/Ch34_nonPBR@Fast Run (1).controller using Guid(e035583925d9f344bad2db5938e42ab2) Importer(2089858483,0ecaa5967403d082aa24f35e1b516d23) Generated GUIDs only implemented for interfaces!
 -> (artifact id: 'd1a307daf6be9402790ba6dd289cf967') in 0.261337 seconds
Number of updated asset objects reloaded before import = 0
Number of asset objects unloaded after import = 32
========================================================================
Received Import Request.
  Time since last request: 0.000028 seconds.
  path: Assets/props/Japanese Coin/presentationSettings.lighting
  artifactKey: Guid(0f2b115414f828e48a19f49408cf37fe) Importer(2089858483,0ecaa5967403d082aa24f35e1b516d23)
Start importing Assets/props/Japanese Coin/presentationSettings.lighting using Guid(0f2b115414f828e48a19f49408cf37fe) Importer(2089858483,0ecaa5967403d082aa24f35e1b516d23) LightingSettings: switching bake backend from 1 to 0.
Generated GUIDs only implemented for interfaces!
 -> (artifact id: '1ffa360a5238055ae9e97cf07ad31532') in 0.025064 seconds
Number of updated asset objects reloaded before import = 0
Number of asset objects unloaded after import = 1
========================================================================
Received Import Request.
  Time since last request: 0.000040 seconds.
  path: Assets/animations/textures/Ch34_1001_Glossiness.png
  artifactKey: Guid(ca6989fe5d8916f47ad0949f29843e2d) Importer(2089858483,0ecaa5967403d082aa24f35e1b516d23)
Start importing Assets/animations/textures/Ch34_1001_Glossiness.png using Guid(ca6989fe5d8916f47ad0949f29843e2d) Importer(2089858483,0ecaa5967403d082aa24f35e1b516d23) Generated GUIDs only implemented for interfaces!
 -> (artifact id: '7ebd70a62bfa759d67bd780739d7f209') in 0.063799 seconds
Number of updated asset objects reloaded before import = 0
Number of asset objects unloaded after import = 1
========================================================================
Received Import Request.
  Time since last request: 0.000019 seconds.
  path: Assets/animations/end/fall 1.anim
  artifactKey: Guid(6dde09dccb891e34db4458be8bdb3528) Importer(2089858483,0ecaa5967403d082aa24f35e1b516d23)
Start importing Assets/animations/end/fall 1.anim using Guid(6dde09dccb891e34db4458be8bdb3528) Importer(2089858483,0ecaa5967403d082aa24f35e1b516d23) Generated GUIDs only implemented for interfaces!
 -> (artifact id: '8df3eab283198350a4b60f4fa6dca63f') in 0.021367 seconds
Number of updated asset objects reloaded before import = 0
Number of asset objects unloaded after import = 1
========================================================================
Received Import Request.
  Time since last request: 0.000025 seconds.
  path: Assets/materials/Materials/images 1.mat
  artifactKey: Guid(d3a1dbfef6f1d5b438cb88b32bdec065) Importer(2089858483,0ecaa5967403d082aa24f35e1b516d23)
Start importing Assets/materials/Materials/images 1.mat using Guid(d3a1dbfef6f1d5b438cb88b32bdec065) Importer(2089858483,0ecaa5967403d082aa24f35e1b516d23) Error assigning 3D texture to 2D texture property '_MainTex': Dimensions must match
UnityEngine.StackTraceUtility:ExtractStackTrace ()
UnityEditor.ShaderUtil:GetMaterialProperties (UnityEngine.Object[])
UnityEditor.MaterialEditor:GetMaterialProperties (UnityEngine.Object[])
UnityEditor.Search.IndexerExtensions:MaterialShaderReferences (UnityEditor.Search.CustomObjectIndexerTarget,UnityEditor.Search.ObjectIndexer)
UnityEditor.Search.ObjectIndexer:CallCustomIndexers (string,int,UnityEngine.Object,UnityEditor.SerializedObject,bool)
UnityEditor.Search.ObjectIndexer:IndexCustomProperties (string,int,UnityEngine.Object)
UnityEditor.Search.AssetIndexer:IndexProperties (int&,string&,bool&)
UnityEditor.Search.AssetIndexer:IndexDocument (string,bool)
UnityEditor.Search.SearchIndexEntryImporter:OnImportAsset (UnityEditor.AssetImporters.AssetImportContext)
UnityEditor.AssetImporters.ScriptedImporter:GenerateAssetData (UnityEditor.AssetImporters.AssetImportContext)

[C:\build\output\unity\unity\Runtime\Shaders\ShaderImpl\ShaderTextureProperty.h line 41]

Generated GUIDs only implemented for interfaces!
 -> (artifact id: '91c078f6e446e1c07d331b2ebe18fafc') in 0.019153 seconds
Number of updated asset objects reloaded before import = 0
Number of asset objects unloaded after import = 2
========================================================================
Received Import Request.
  Time since last request: 0.000075 seconds.
  path: Assets/prefabs/obstacles/Objectject.prefab
  artifactKey: Guid(feea49292b919be498f90580879da305) Importer(2089858483,0ecaa5967403d082aa24f35e1b516d23)
Start importing Assets/prefabs/obstacles/Objectject.prefab using Guid(feea49292b919be498f90580879da305) Importer(2089858483,0ecaa5967403d082aa24f35e1b516d23) Generated GUIDs only implemented for interfaces!
 -> (artifact id: '26c40a8e01b16ae0f3640c44ac99570f') in 0.013445 seconds
Number of updated asset objects reloaded before import = 0
Number of asset objects unloaded after import = 168
========================================================================
Received Import Request.
  Time since last request: 0.000025 seconds.
  path: Assets/prefabs/obstacles/fallen tree.prefab
  artifactKey: Guid(828c4f997f583294280315f5a87db317) Importer(2089858483,0ecaa5967403d082aa24f35e1b516d23)
Start importing Assets/prefabs/obstacles/fallen tree.prefab using Guid(828c4f997f583294280315f5a87db317) Importer(2089858483,0ecaa5967403d082aa24f35e1b516d23) Generated GUIDs only implemented for interfaces!
 -> (artifact id: 'e7e100ad4c38c8550fa74b1920c11ed9') in 0.013144 seconds
Number of updated asset objects reloaded before import = 0
Number of asset objects unloaded after import = 35
========================================================================
Received Import Request.
  Time since last request: 0.000024 seconds.
  path: Assets/animations/center.anim
  artifactKey: Guid(e58878787499c2b4284f41dd0ded9e82) Importer(2089858483,0ecaa5967403d082aa24f35e1b516d23)
Start importing Assets/animations/center.anim using Guid(e58878787499c2b4284f41dd0ded9e82) Importer(2089858483,0ecaa5967403d082aa24f35e1b516d23) Generated GUIDs only implemented for interfaces!
 -> (artifact id: '0f1b2dba4ea4c05c1fb26c260b2f2228') in 0.025102 seconds
Number of updated asset objects reloaded before import = 0
Number of asset objects unloaded after import = 1
========================================================================
Received Import Request.
  Time since last request: 0.000030 seconds.
  path: Assets/animations/end/sad.anim
  artifactKey: Guid(5eb68c2e468897d41a27e75912b835c3) Importer(2089858483,0ecaa5967403d082aa24f35e1b516d23)
Start importing Assets/animations/end/sad.anim using Guid(5eb68c2e468897d41a27e75912b835c3) Importer(2089858483,0ecaa5967403d082aa24f35e1b516d23) Generated GUIDs only implemented for interfaces!
 -> (artifact id: 'dcb3ec160bcfc6ad6c55c1ec4c108296') in 0.044125 seconds
Number of updated asset objects reloaded before import = 0
Number of asset objects unloaded after import = 1
========================================================================
Received Import Request.
  Time since last request: 0.000024 seconds.
  path: Assets/animations/JUMP (2).anim
  artifactKey: Guid(de095455f6c97f84a816b9c4286a573d) Importer(2089858483,0ecaa5967403d082aa24f35e1b516d23)
Start importing Assets/animations/JUMP (2).anim using Guid(de095455f6c97f84a816b9c4286a573d) Importer(2089858483,0ecaa5967403d082aa24f35e1b516d23) Generated GUIDs only implemented for interfaces!
 -> (artifact id: 'e20b016fe9027ad418ce83432831aa66') in 0.026650 seconds
Number of updated asset objects reloaded before import = 0
Number of asset objects unloaded after import = 1
========================================================================
Received Import Request.
  Time since last request: 0.000024 seconds.
  path: Assets/props/_TerrainAutoUpgrade/layer_grass height 12023054508611406.terrainlayer
  artifactKey: Guid(d603d4dbc54ab624587943841cbe9c2f) Importer(2089858483,0ecaa5967403d082aa24f35e1b516d23)
Start importing Assets/props/_TerrainAutoUpgrade/layer_grass height 12023054508611406.terrainlayer using Guid(d603d4dbc54ab624587943841cbe9c2f) Importer(2089858483,0ecaa5967403d082aa24f35e1b516d23) Generated GUIDs only implemented for interfaces!
 -> (artifact id: 'cfb85f90fac02e6a46b62ca891447ece') in 0.014318 seconds
Number of updated asset objects reloaded before import = 0
Number of asset objects unloaded after import = 2
========================================================================
Received Import Request.
  Time since last request: 0.000027 seconds.
  path: Assets/props/Fantasy Forest Environment Free Sample/StandardNoCulling.shader
  artifactKey: Guid(717bc8f73d5aea64caef02a0c07b1e3a) Importer(2089858483,0ecaa5967403d082aa24f35e1b516d23)
Start importing Assets/props/Fantasy Forest Environment Free Sample/StandardNoCulling.shader using Guid(717bc8f73d5aea64caef02a0c07b1e3a) Importer(2089858483,0ecaa5967403d082aa24f35e1b516d23) Generated GUIDs only implemented for interfaces!
 -> (artifact id: '7aaadfba98f603bec7b3fba2f2484f39') in 0.020188 seconds
Number of updated asset objects reloaded before import = 0
Number of asset objects unloaded after import = 1
========================================================================
Received Import Request.
  Time since last request: 0.000018 seconds.
  path: Assets/TextMesh Pro/Fonts/LiberationSans - OFL.txt
  artifactKey: Guid(6e59c59b81ab47f9b6ec5781fa725d2c) Importer(2089858483,0ecaa5967403d082aa24f35e1b516d23)
Start importing Assets/TextMesh Pro/Fonts/LiberationSans - OFL.txt using Guid(6e59c59b81ab47f9b6ec5781fa725d2c) Importer(2089858483,0ecaa5967403d082aa24f35e1b516d23) Generated GUIDs only implemented for interfaces!
 -> (artifact id: '2c04d8bf89b8e2b32a783c3fbb614996') in 0.011213 seconds
Number of updated asset objects reloaded before import = 0
Number of asset objects unloaded after import = 1
========================================================================
Received Import Request.
  Time since last request: 0.000017 seconds.
  path: Assets/prefabs/obstacles/Crystalsv06 Variant.prefab
  artifactKey: Guid(286ff9a012a93a945af9284977adac57) Importer(2089858483,0ecaa5967403d082aa24f35e1b516d23)
Start importing Assets/prefabs/obstacles/Crystalsv06 Variant.prefab using Guid(286ff9a012a93a945af9284977adac57) Importer(2089858483,0ecaa5967403d082aa24f35e1b516d23) Generated GUIDs only implemented for interfaces!
 -> (artifact id: '63dc29e4be6e068c1c5326c93b6014a1') in 0.017243 seconds
Number of updated asset objects reloaded before import = 0
Number of asset objects unloaded after import = 49
========================================================================
Received Import Request.
  Time since last request: 0.000023 seconds.
  path: Assets/materials/Materials/images 2.mat
  artifactKey: Guid(b471889c3d502434bb053d1ec6a4f1f3) Importer(2089858483,0ecaa5967403d082aa24f35e1b516d23)
Start importing Assets/materials/Materials/images 2.mat using Guid(b471889c3d502434bb053d1ec6a4f1f3) Importer(2089858483,0ecaa5967403d082aa24f35e1b516d23) Error assigning 3D texture to 2D texture property '_MainTex': Dimensions must match
UnityEngine.StackTraceUtility:ExtractStackTrace ()
UnityEditor.ShaderUtil:GetMaterialProperties (UnityEngine.Object[])
UnityEditor.MaterialEditor:GetMaterialProperties (UnityEngine.Object[])
UnityEditor.Search.IndexerExtensions:MaterialShaderReferences (UnityEditor.Search.CustomObjectIndexerTarget,UnityEditor.Search.ObjectIndexer)
UnityEditor.Search.ObjectIndexer:CallCustomIndexers (string,int,UnityEngine.Object,UnityEditor.SerializedObject,bool)
UnityEditor.Search.ObjectIndexer:IndexCustomProperties (string,int,UnityEngine.Object)
UnityEditor.Search.AssetIndexer:IndexProperties (int&,string&,bool&)
UnityEditor.Search.AssetIndexer:IndexDocument (string,bool)
UnityEditor.Search.SearchIndexEntryImporter:OnImportAsset (UnityEditor.AssetImporters.AssetImportContext)
UnityEditor.AssetImporters.ScriptedImporter:GenerateAssetData (UnityEditor.AssetImporters.AssetImportContext)

[C:\build\output\unity\unity\Runtime\Shaders\ShaderImpl\ShaderTextureProperty.h line 41]

Generated GUIDs only implemented for interfaces!
 -> (artifact id: 'c1ecd791ac7913dbce88f08cae147c7f') in 0.012691 seconds
Number of updated asset objects reloaded before import = 0
Number of asset objects unloaded after import = 2
========================================================================
Received Import Request.
  Time since last request: 0.000043 seconds.
  path: Assets/materials/images.jpg
  artifactKey: Guid(7dc8c6ab338d16841803f2a14b672c62) Importer(2089858483,0ecaa5967403d082aa24f35e1b516d23)
Start importing Assets/materials/images.jpg using Guid(7dc8c6ab338d16841803f2a14b672c62) Importer(2089858483,0ecaa5967403d082aa24f35e1b516d23) Generated GUIDs only implemented for interfaces!
 -> (artifact id: '3789ffcfecd401bf543a9cfaec2b90f5') in 0.025013 seconds
Number of updated asset objects reloaded before import = 0
Number of asset objects unloaded after import = 1
========================================================================
Received Import Request.
  Time since last request: 0.058605 seconds.
  path: Assets/TextMesh Pro/Shaders/TMPro_Mobile.cginc
  artifactKey: Guid(c334973cef89a9840b0b0c507e0377ab) Importer(2089858483,0ecaa5967403d082aa24f35e1b516d23)
Start importing Assets/TextMesh Pro/Shaders/TMPro_Mobile.cginc using Guid(c334973cef89a9840b0b0c507e0377ab) Importer(2089858483,0ecaa5967403d082aa24f35e1b516d23) Generated GUIDs only implemented for interfaces!
 -> (artifact id: '07eb905bf15e6fcfdae886fd8cbb9461') in 0.008896 seconds
Number of updated asset objects reloaded before import = 0
Number of asset objects unloaded after import = 1
========================================================================
Received Import Request.
  Time since last request: 0.000015 seconds.
  path: Assets/props/Fantasy Forest Environment Free Sample/Materials/grassmesh.mat
  artifactKey: Guid(0666ed421e3d1f146a986f726e7354c1) Importer(2089858483,0ecaa5967403d082aa24f35e1b516d23)
Start importing Assets/props/Fantasy Forest Environment Free Sample/Materials/grassmesh.mat using Guid(0666ed421e3d1f146a986f726e7354c1) Importer(2089858483,0ecaa5967403d082aa24f35e1b516d23) Generated GUIDs only implemented for interfaces!
 -> (artifact id: 'e8bd22b4b63d7359f2cc503410acb7b7') in 0.013110 seconds
Number of updated asset objects reloaded before import = 0
Number of asset objects unloaded after import = 2
========================================================================
Received Import Request.
  Time since last request: 0.000015 seconds.
  path: Assets/TextMesh Pro/Sprites/EmojiOne.json
  artifactKey: Guid(8f05276190cf498a8153f6cbe761d4e6) Importer(2089858483,0ecaa5967403d082aa24f35e1b516d23)
Start importing Assets/TextMesh Pro/Sprites/EmojiOne.json using Guid(8f05276190cf498a8153f6cbe761d4e6) Importer(2089858483,0ecaa5967403d082aa24f35e1b516d23) Generated GUIDs only implemented for interfaces!
 -> (artifact id: '04b0994e1dbd5cb713f1d176740642f2') in 0.007218 seconds
Number of updated asset objects reloaded before import = 0
Number of asset objects unloaded after import = 1
========================================================================
Received Import Request.
  Time since last request: 0.000017 seconds.
  path: Assets/props/Fallen Tree Barrier - FREE/Textures/Log01_NRM.png
  artifactKey: Guid(833926fe0680fb44b8cd11ac422fb073) Importer(2089858483,0ecaa5967403d082aa24f35e1b516d23)
Start importing Assets/props/Fallen Tree Barrier - FREE/Textures/Log01_NRM.png using Guid(833926fe0680fb44b8cd11ac422fb073) Importer(2089858483,0ecaa5967403d082aa24f35e1b516d23) Generated GUIDs only implemented for interfaces!
 -> (artifact id: '2c09c1cf0905294cf2bc6ddf21579e60') in 0.071665 seconds
Number of updated asset objects reloaded before import = 0
Number of asset objects unloaded after import = 1
========================================================================
Received Import Request.
  Time since last request: 0.000030 seconds.
  path: Assets/props/Japanese Coin/Environment/HDR_Readme.txt
  artifactKey: Guid(4eed93c3655625041b8e8758aee08ca3) Importer(2089858483,0ecaa5967403d082aa24f35e1b516d23)
Start importing Assets/props/Japanese Coin/Environment/HDR_Readme.txt using Guid(4eed93c3655625041b8e8758aee08ca3) Importer(2089858483,0ecaa5967403d082aa24f35e1b516d23) Generated GUIDs only implemented for interfaces!
 -> (artifact id: '36b6b9fb8153e6d90d28b149c4270860') in 0.011466 seconds
Number of updated asset objects reloaded before import = 0
Number of asset objects unloaded after import = 1
========================================================================
Received Import Request.
  Time since last request: 0.000044 seconds.
  path: Assets/particle/AS_Magic_Aura_Construction_Kit_FREE/Runes/Rune_8.png
  artifactKey: Guid(c77ffddaec289450d8293a82f0bf0423) Importer(2089858483,0ecaa5967403d082aa24f35e1b516d23)
Start importing Assets/particle/AS_Magic_Aura_Construction_Kit_FREE/Runes/Rune_8.png using Guid(c77ffddaec289450d8293a82f0bf0423) Importer(2089858483,0ecaa5967403d082aa24f35e1b516d23) Generated GUIDs only implemented for interfaces!
 -> (artifact id: '978e2815925316b3c24b60f6c66dcc7a') in 0.049837 seconds
Number of updated asset objects reloaded before import = 0
Number of asset objects unloaded after import = 1
========================================================================
Received Import Request.
  Time since last request: 0.000020 seconds.
  path: Assets/props/Fallen Tree Barrier - FREE/Textures/Soil_DIF.png
  artifactKey: Guid(ab4944b1f53c7304db6702dfc346317f) Importer(2089858483,0ecaa5967403d082aa24f35e1b516d23)
Start importing Assets/props/Fallen Tree Barrier - FREE/Textures/Soil_DIF.png using Guid(ab4944b1f53c7304db6702dfc346317f) Importer(2089858483,0ecaa5967403d082aa24f35e1b516d23) Generated GUIDs only implemented for interfaces!
 -> (artifact id: '64b4103ba08af81530eb5a726ba0bdfd') in 0.029301 seconds
Number of updated asset objects reloaded before import = 0
Number of asset objects unloaded after import = 1
========================================================================
Received Import Request.
  Time since last request: 0.000032 seconds.
  path: Assets/particle/AS_Magic_Aura_Construction_Kit_FREE/Circles/Magic_Circle_1.png
  artifactKey: Guid(90cc6544d68264765a9346ad77fac6a2) Importer(2089858483,0ecaa5967403d082aa24f35e1b516d23)
Start importing Assets/particle/AS_Magic_Aura_Construction_Kit_FREE/Circles/Magic_Circle_1.png using Guid(90cc6544d68264765a9346ad77fac6a2) Importer(2089858483,0ecaa5967403d082aa24f35e1b516d23) Generated GUIDs only implemented for interfaces!
 -> (artifact id: '9a84c9f8d3ef827f60f05794be497eba') in 0.032401 seconds
Number of updated asset objects reloaded before import = 0
Number of asset objects unloaded after import = 1
========================================================================
Received Import Request.
  Time since last request: 0.000019 seconds.
  path: Assets/particle/AS_Magic_Aura_Construction_Kit_FREE/Glyphs/Glyph_3.png
  artifactKey: Guid(35f68a1c8ceae479c9186899e7e1e143) Importer(2089858483,0ecaa5967403d082aa24f35e1b516d23)
Start importing Assets/particle/AS_Magic_Aura_Construction_Kit_FREE/Glyphs/Glyph_3.png using Guid(35f68a1c8ceae479c9186899e7e1e143) Importer(2089858483,0ecaa5967403d082aa24f35e1b516d23) Generated GUIDs only implemented for interfaces!
 -> (artifact id: '85f328275d447e45faeaefcd766c4238') in 0.033985 seconds
Number of updated asset objects reloaded before import = 0
Number of asset objects unloaded after import = 1
========================================================================
Received Import Request.
  Time since last request: 0.000020 seconds.
  path: Assets/particle/AS_Magic_Aura_Construction_Kit_FREE/FX/Blast_Electric.png
  artifactKey: Guid(970d6cf2ffe2247be9c6c8b59ddaca7b) Importer(2089858483,0ecaa5967403d082aa24f35e1b516d23)
Start importing Assets/particle/AS_Magic_Aura_Construction_Kit_FREE/FX/Blast_Electric.png using Guid(970d6cf2ffe2247be9c6c8b59ddaca7b) Importer(2089858483,0ecaa5967403d082aa24f35e1b516d23) Generated GUIDs only implemented for interfaces!
 -> (artifact id: '15439d69c5d86a9dd6cf3ad2f05cf426') in 0.037415 seconds
Number of updated asset objects reloaded before import = 0
Number of asset objects unloaded after import = 1
========================================================================
Received Import Request.
  Time since last request: 0.000025 seconds.
  path: Assets/particle/AS_Magic_Aura_Construction_Kit_FREE/Particles/Particle_1.png
  artifactKey: Guid(433dc99a7560b4f599ae5fdc56664126) Importer(2089858483,0ecaa5967403d082aa24f35e1b516d23)
Start importing Assets/particle/AS_Magic_Aura_Construction_Kit_FREE/Particles/Particle_1.png using Guid(433dc99a7560b4f599ae5fdc56664126) Importer(2089858483,0ecaa5967403d082aa24f35e1b516d23) Generated GUIDs only implemented for interfaces!
 -> (artifact id: 'cd37c04d3fab5d367d77554f642df103') in 0.033156 seconds
Number of updated asset objects reloaded before import = 0
Number of asset objects unloaded after import = 1
========================================================================
Received Import Request.
  Time since last request: 0.000033 seconds.
  path: Assets/props/Fallen Tree Barrier - FREE/Materials/Soil.mat
  artifactKey: Guid(32893f5d1bfad254a8be8b0a7e1dd160) Importer(2089858483,0ecaa5967403d082aa24f35e1b516d23)
Start importing Assets/props/Fallen Tree Barrier - FREE/Materials/Soil.mat using Guid(32893f5d1bfad254a8be8b0a7e1dd160) Importer(2089858483,0ecaa5967403d082aa24f35e1b516d23) Generated GUIDs only implemented for interfaces!
 -> (artifact id: '356709eddf5aebf7efc747e3a6c6a069') in 0.020371 seconds
Number of updated asset objects reloaded before import = 0
Number of asset objects unloaded after import = 3
========================================================================
Received Import Request.
  Time since last request: 0.000040 seconds.
  path: Assets/particle/AS_Magic_Aura_Construction_Kit_FREE/Sound Kit/Aura_Glyph_2.wav
  artifactKey: Guid(f126dd7aa600246c29bc92e20ceab0e7) Importer(2089858483,0ecaa5967403d082aa24f35e1b516d23)
Start importing Assets/particle/AS_Magic_Aura_Construction_Kit_FREE/Sound Kit/Aura_Glyph_2.wav using Guid(f126dd7aa600246c29bc92e20ceab0e7) Importer(2089858483,0ecaa5967403d082aa24f35e1b516d23) Generated GUIDs only implemented for interfaces!
 -> (artifact id: 'c11d7d45431a181c82783acaaf030564') in 0.100109 seconds
Number of updated asset objects reloaded before import = 0
Number of asset objects unloaded after import = 1
========================================================================
Received Import Request.
  Time since last request: 0.000016 seconds.
  path: Assets/particle/AS_Magic_Aura_Construction_Kit_FREE/Glyphs/Glyph_2.png
  artifactKey: Guid(039ee57a964c1439884d6687bc36f049) Importer(2089858483,0ecaa5967403d082aa24f35e1b516d23)
Start importing Assets/particle/AS_Magic_Aura_Construction_Kit_FREE/Glyphs/Glyph_2.png using Guid(039ee57a964c1439884d6687bc36f049) Importer(2089858483,0ecaa5967403d082aa24f35e1b516d23) Generated GUIDs only implemented for interfaces!
 -> (artifact id: 'df8e79587edfaa8b8485fcae57e87c01') in 0.033590 seconds
Number of updated asset objects reloaded before import = 0
Number of asset objects unloaded after import = 1
========================================================================
Received Import Request.
  Time since last request: 0.000023 seconds.
  path: Assets/props/Fantasy Forest Environment Free Sample/Textures/bark01_bottom.tga
  artifactKey: Guid(4e44992d8a199a546aeaaa6ebc63b91a) Importer(2089858483,0ecaa5967403d082aa24f35e1b516d23)
Start importing Assets/props/Fantasy Forest Environment Free Sample/Textures/bark01_bottom.tga using Guid(4e44992d8a199a546aeaaa6ebc63b91a) Importer(2089858483,0ecaa5967403d082aa24f35e1b516d23) Generated GUIDs only implemented for interfaces!
 -> (artifact id: 'a71d11b9605d2829f6f0794efc2eacb0') in 0.030356 seconds
Number of updated asset objects reloaded before import = 0
Number of asset objects unloaded after import = 1
========================================================================
Received Import Request.
  Time since last request: 0.000018 seconds.
  path: Assets/particle/AS_Magic_Aura_Construction_Kit_FREE/Particles/Particle_3.png
  artifactKey: Guid(2dc7f4fb221384b6182a7c1112718f01) Importer(2089858483,0ecaa5967403d082aa24f35e1b516d23)
Start importing Assets/particle/AS_Magic_Aura_Construction_Kit_FREE/Particles/Particle_3.png using Guid(2dc7f4fb221384b6182a7c1112718f01) Importer(2089858483,0ecaa5967403d082aa24f35e1b516d23) Generated GUIDs only implemented for interfaces!
 -> (artifact id: '768625b9d119676ce6790b6de43094bc') in 0.045192 seconds
Number of updated asset objects reloaded before import = 0
Number of asset objects unloaded after import = 1
========================================================================
Received Import Request.
  Time since last request: 0.000031 seconds.
  path: Assets/props/Fantasy Forest Environment Free Sample/Scenes/New Terrain.asset
  artifactKey: Guid(02bc0e2176f6a4e4ea3faf0c622664cf) Importer(2089858483,0ecaa5967403d082aa24f35e1b516d23)
Start importing Assets/props/Fantasy Forest Environment Free Sample/Scenes/New Terrain.asset using Guid(02bc0e2176f6a4e4ea3faf0c622664cf) Importer(2089858483,0ecaa5967403d082aa24f35e1b516d23) 
=================================================================
	Native Crash Reporting
=================================================================
Got a UNKNOWN while executing native code. This usually indicates
a fatal error in the mono runtime or one of the native libraries 
used by your application.
=================================================================

=================================================================
	Managed Stacktrace:
=================================================================
	  at <unknown> <0xffffffff>
	  at UnityEditor.AssetDatabase:LoadMainAssetAtPath <0x00089>
	  at UnityEditor.Search.AssetIndexer:IndexProperties <0x0007a>
	  at UnityEditor.Search.AssetIndexer:IndexDocument <0x00f12>
	  at UnityEditor.Search.SearchIndexEntryImporter:OnImportAsset <0x00169>
	  at UnityEditor.AssetImporters.ScriptedImporter:GenerateAssetData <0x00018>
	  at <Module>:runtime_invoke_void__this___object <0x00092>
=================================================================
Received signal SIGSEGV
Obtained 47 stack frames
0x00007ff6b8aba7dd (Unity) <lambda_72d4138e75637852f4266ed91400ed85>::operator()
0x00007ff6b8ab63b1 (Unity) LMDB_Transaction::Run
0x00007ff6b8a49499 (Unity) SourceAssetDBWriteTxn::Run
0x00007ff6b8ac0663 (Unity) SourceAssetScanner::Refresh
0x00007ff6b8a81344 (Unity) Scan
0x00007ff6b8a71236 (Unity) ImportAtPathV2
0x00007ff6b89f0e12 (Unity) AssetDatabase::ImportAtPath
0x00007ff6b7ed6dcf (Unity) SplatDatabase::CreateTerrainLayersFromDeprecatedSplats
0x00007ff6b7ed532e (Unity) SplatDatabase::ConvertSplatsToTerrainLayers
0x00007ff6b7ed1a9c (Unity) SplatDatabase::AwakeFromLoad
0x00007ff6b7f03059 (Unity) TerrainData::AwakeFromLoad
0x00007ff6b7701e0d (Unity) AwakeFromLoadQueue::InvokePersistentManagerAwake
0x00007ff6b7702de1 (Unity) AwakeFromLoadQueue::PersistentManagerSingleQueueAwakeFromLoad
0x00007ff6b7702a50 (Unity) AwakeFromLoadQueue::PersistentManagerAwakeFromLoad_NoChecks
0x00007ff6b76d4eaf (Unity) PersistentManager::IntegrateAllThreadedObjects
0x00007ff6b76d57d0 (Unity) PersistentManager::LoadAndIntegrateAllPreallocatedObjects
0x00007ff6b76d9b12 (Unity) PersistentManager::ReadObject
0x00007ff6b680cfab (Unity) PPtr<Object>::operator Object * __ptr64
0x00007ff6b6c20dd4 (Unity) AssetDatabase_CUSTOM_LoadMainAssetAtPath
0x0000016742dbdc3a (Mono JIT Code) (wrapper managed-to-native) UnityEditor.AssetDatabase:LoadMainAssetAtPath (string)
0x0000016742dbd52b (Mono JIT Code) UnityEditor.Search.AssetIndexer:IndexProperties (int&,string&,bool&)
0x0000016742da5e53 (Mono JIT Code) UnityEditor.Search.AssetIndexer:IndexDocument (string,bool)
0x0000016742da097a (Mono JIT Code) UnityEditor.Search.SearchIndexEntryImporter:OnImportAsset (UnityEditor.AssetImporters.AssetImportContext)
0x0000016742da0699 (Mono JIT Code) UnityEditor.AssetImporters.ScriptedImporter:GenerateAssetData (UnityEditor.AssetImporters.AssetImportContext)
0x0000016742da0753 (Mono JIT Code) (wrapper runtime-invoke) <Module>:runtime_invoke_void__this___object (object,intptr,intptr,intptr)
0x00007ffd3bbd4bfe (mono-2.0-bdwgc) mono_jit_runtime_invoke (at C:/build/output/Unity-Technologies/mono/mono/mini/mini-runtime.c:3445)
0x00007ffd3bb0d254 (mono-2.0-bdwgc) do_runtime_invoke (at C:/build/output/Unity-Technologies/mono/mono/metadata/object.c:3068)
0x00007ffd3bb0d3cc (mono-2.0-bdwgc) mono_runtime_invoke (at C:/build/output/Unity-Technologies/mono/mono/metadata/object.c:3115)
0x00007ff6b763f514 (Unity) scripting_method_invoke
0x00007ff6b761d274 (Unity) ScriptingInvocation::Invoke
0x00007ff6b8b2d514 (Unity) ScriptedImporter::GenerateAssetData
0x00007ff6b8a1c86b (Unity) ImportToObjects
0x00007ff6b8a1b91c (Unity) ImportAsset
0x00007ff6b8a407d8 (Unity) AssetImportWorker::Import
0x00007ff6b8aa7bd2 (Unity) <lambda_183697078dc22ecb201e4599e9982eaf>::operator()
0x00007ff6b8ae43d2 (Unity) asio::detail::completion_handler<core::mutable_function<void __cdecl(void)>,asio::io_context::basic_executor_type<std::allocator<void>,0> >::do_complete
0x00007ff6b8ad037e (Unity) asio::detail::win_iocp_io_context::do_one
0x00007ff6b8ad1fe4 (Unity) asio::detail::win_iocp_io_context::run
0x00007ff6b8ae277c (Unity) IOService::Run
0x00007ff6b8ab62df (Unity) AssetImportWorkerClient::Run
0x00007ff6b8a81217 (Unity) RunAssetImportWorkerClientV2
0x00007ff6b8a8129b (Unity) RunAssetImporterV2
0x00007ff6b8282591 (Unity) Application::InitializeProject
0x00007ff6b870e2b5 (Unity) WinMain
0x00007ff6b9aee0ae (Unity) __scrt_common_main_seh
0x00007ffdc48c7344 (KERNEL32) BaseThreadInitThunk
0x00007ffdc4fc26b1 (ntdll) RtlUserThreadStart

