Using pre-set license
Built from '2022.3/release' branch; Version is '2022.3.20f1 (61c2feb0970d) revision 6406910'; Using compiler version '192829333'; Build Type 'Release'
OS: 'Windows 10  (10.0.19045) 64bit Professional' Language: 'en' Physical Memory: 16114 MB
BatchMode: 1, IsHumanControllingUs: 0, StartBugReporterOnCrash: 0, Is64bit: 1, IsPro: 1

COMMAND LINE ARGUMENTS:
C:\Program Files\Unity\Hub\Editor\2022.3.20f1\Editor\Unity.exe
-adb2
-batchMode
-noUpm
-name
AssetImportWorker4
-projectPath
D:/runner/Fairy_Runner
-logFile
Logs/AssetImportWorker4.log
-srvPort
64324
Successfully changed project path to: D:/runner/Fairy_Runner
D:/runner/Fairy_Runner
[UnityMemory] Configuration Parameters - Can be set up in boot.config
    "memorysetup-bucket-allocator-granularity=16"
    "memorysetup-bucket-allocator-bucket-count=8"
    "memorysetup-bucket-allocator-block-size=33554432"
    "memorysetup-bucket-allocator-block-count=8"
    "memorysetup-main-allocator-block-size=16777216"
    "memorysetup-thread-allocator-block-size=16777216"
    "memorysetup-gfx-main-allocator-block-size=16777216"
    "memorysetup-gfx-thread-allocator-block-size=16777216"
    "memorysetup-cache-allocator-block-size=4194304"
    "memorysetup-typetree-allocator-block-size=2097152"
    "memorysetup-profiler-bucket-allocator-granularity=16"
    "memorysetup-profiler-bucket-allocator-bucket-count=8"
    "memorysetup-profiler-bucket-allocator-block-size=33554432"
    "memorysetup-profiler-bucket-allocator-block-count=8"
    "memorysetup-profiler-allocator-block-size=16777216"
    "memorysetup-profiler-editor-allocator-block-size=1048576"
    "memorysetup-temp-allocator-size-main=16777216"
    "memorysetup-job-temp-allocator-block-size=2097152"
    "memorysetup-job-temp-allocator-block-size-background=1048576"
    "memorysetup-job-temp-allocator-reduction-small-platforms=262144"
    "memorysetup-allocator-temp-initial-block-size-main=262144"
    "memorysetup-allocator-temp-initial-block-size-worker=262144"
    "memorysetup-temp-allocator-size-background-worker=32768"
    "memorysetup-temp-allocator-size-job-worker=262144"
    "memorysetup-temp-allocator-size-preload-manager=33554432"
    "memorysetup-temp-allocator-size-nav-mesh-worker=65536"
    "memorysetup-temp-allocator-size-audio-worker=65536"
    "memorysetup-temp-allocator-size-cloud-worker=32768"
    "memorysetup-temp-allocator-size-gi-baking-worker=262144"
    "memorysetup-temp-allocator-size-gfx=262144"
Player connection [65004] Host "[IP] 192.168.6.214 [Port] 0 [Flags] 2 [Guid] 1361167493 [EditorId] 1361167493 [Version] 1048832 [Id] WindowsEditor(7,TSQ-75) [Debug] 1 [PackageName] WindowsEditor [ProjectName] Editor" joined multi-casting on [225.0.0.222:54997]...

Player connection [65004] Host "[IP] 192.168.6.214 [Port] 0 [Flags] 2 [Guid] 1361167493 [EditorId] 1361167493 [Version] 1048832 [Id] WindowsEditor(7,TSQ-75) [Debug] 1 [PackageName] WindowsEditor [ProjectName] Editor" joined alternative multi-casting on [225.0.0.222:34997]...

[Physics::Module] Initialized MultithreadedJobDispatcher with 15 workers.
Refreshing native plugins compatible for Editor in 11.86 ms, found 3 plugins.
Preloading 0 native plugins for Editor in 0.00 ms.
Initialize engine version: 2022.3.20f1 (61c2feb0970d)
[Subsystems] Discovering subsystems at path C:/Program Files/Unity/Hub/Editor/2022.3.20f1/Editor/Data/Resources/UnitySubsystems
[Subsystems] Discovering subsystems at path D:/runner/Fairy_Runner/Assets
GfxDevice: creating device client; threaded=0; jobified=0
Direct3D:
    Version:  Direct3D 11.0 [level 11.1]
    Renderer: NVIDIA GeForce RTX 3050 Ti Laptop GPU (ID=0x25a0)
    Vendor:   NVIDIA
    VRAM:     3976 MB
    Driver:   31.0.15.2879
Initialize mono
Mono path[0] = 'C:/Program Files/Unity/Hub/Editor/2022.3.20f1/Editor/Data/Managed'
Mono path[1] = 'C:/Program Files/Unity/Hub/Editor/2022.3.20f1/Editor/Data/MonoBleedingEdge/lib/mono/unityjit-win32'
Mono config path = 'C:/Program Files/Unity/Hub/Editor/2022.3.20f1/Editor/Data/MonoBleedingEdge/etc'
Using monoOptions --debugger-agent=transport=dt_socket,embedding=1,server=y,suspend=n,address=127.0.0.1:56924
Begin MonoManager ReloadAssembly
Registering precompiled unity dll's ...
Register platform support module: C:/Program Files/Unity/Hub/Editor/2022.3.20f1/Editor/Data/PlaybackEngines/WebGLSupport/UnityEditor.WebGL.Extensions.dll
Register platform support module: C:/Program Files/Unity/Hub/Editor/2022.3.20f1/Editor/Data/PlaybackEngines/WindowsStandaloneSupport/UnityEditor.WindowsStandalone.Extensions.dll
Registered in 0.017778 seconds.
- Loaded All Assemblies, in  0.502 seconds
Native extension for WindowsStandalone target not found
Native extension for WebGL target not found
Mono: successfully reloaded assembly
- Finished resetting the current domain, in  0.299 seconds
Domain Reload Profiling: 799ms
	BeginReloadAssembly (205ms)
		ExecutionOrderSort (0ms)
		DisableScriptedObjects (0ms)
		BackupInstance (0ms)
		ReleaseScriptingObjects (0ms)
		CreateAndSetChildDomain (1ms)
	RebuildCommonClasses (41ms)
	RebuildNativeTypeToScriptingClass (15ms)
	initialDomainReloadingComplete (74ms)
	LoadAllAssembliesAndSetupDomain (166ms)
		LoadAssemblies (207ms)
		RebuildTransferFunctionScriptingTraits (0ms)
		AnalyzeDomain (159ms)
			TypeCache.Refresh (157ms)
				TypeCache.ScanAssembly (138ms)
			ScanForSourceGeneratedMonoScriptInfo (1ms)
			ResolveRequiredComponents (1ms)
	FinalizeReload (299ms)
		ReleaseScriptCaches (0ms)
		RebuildScriptCaches (0ms)
		SetupLoadedEditorAssemblies (233ms)
			LogAssemblyErrors (0ms)
			InitializePlatformSupportModulesInManaged (12ms)
			SetLoadedEditorAssemblies (4ms)
			RefreshPlugins (0ms)
			BeforeProcessingInitializeOnLoad (2ms)
			ProcessInitializeOnLoadAttributes (167ms)
			ProcessInitializeOnLoadMethodAttributes (49ms)
			AfterProcessingInitializeOnLoad (0ms)
			EditorAssembliesLoaded (0ms)
		ExecutionOrderSort2 (0ms)
		AwakeInstancesAfterBackupRestoration (0ms)
========================================================================
Worker process is ready to serve import requests
Begin MonoManager ReloadAssembly
- Loaded All Assemblies, in  0.905 seconds
Refreshing native plugins compatible for Editor in 6.92 ms, found 3 plugins.
Native extension for WindowsStandalone target not found
Native extension for WebGL target not found
Package Manager log level set to [2]
[Package Manager] Server::EnsureServerProcessIsRunning -- launch failed, reason: Unity was launched with the -noUpm command-line argument
[Package Manager] UpmClient::Send -- Unable to send message (not connected to UPM process).
[Package Manager] Cannot connect to Unity Package Manager local server
Mono: successfully reloaded assembly
- Finished resetting the current domain, in  0.665 seconds
Domain Reload Profiling: 1568ms
	BeginReloadAssembly (262ms)
		ExecutionOrderSort (0ms)
		DisableScriptedObjects (7ms)
		BackupInstance (0ms)
		ReleaseScriptingObjects (0ms)
		CreateAndSetChildDomain (34ms)
	RebuildCommonClasses (46ms)
	RebuildNativeTypeToScriptingClass (9ms)
	initialDomainReloadingComplete (49ms)
	LoadAllAssembliesAndSetupDomain (536ms)
		LoadAssemblies (499ms)
		RebuildTransferFunctionScriptingTraits (0ms)
		AnalyzeDomain (220ms)
			TypeCache.Refresh (201ms)
				TypeCache.ScanAssembly (182ms)
			ScanForSourceGeneratedMonoScriptInfo (13ms)
			ResolveRequiredComponents (3ms)
	FinalizeReload (665ms)
		ReleaseScriptCaches (0ms)
		RebuildScriptCaches (0ms)
		SetupLoadedEditorAssemblies (505ms)
			LogAssemblyErrors (0ms)
			InitializePlatformSupportModulesInManaged (8ms)
			SetLoadedEditorAssemblies (5ms)
			RefreshPlugins (0ms)
			BeforeProcessingInitializeOnLoad (68ms)
			ProcessInitializeOnLoadAttributes (400ms)
			ProcessInitializeOnLoadMethodAttributes (15ms)
			AfterProcessingInitializeOnLoad (8ms)
			EditorAssembliesLoaded (0ms)
		ExecutionOrderSort2 (0ms)
		AwakeInstancesAfterBackupRestoration (4ms)
Launched and connected shader compiler UnityShaderCompiler.exe after 0.05 seconds
Refreshing native plugins compatible for Editor in 5.76 ms, found 3 plugins.
Preloading 0 native plugins for Editor in 0.00 ms.
Unloading 3620 Unused Serialized files (Serialized files now loaded: 0)
Unloading 51 unused Assets / (1.3 MB). Loaded Objects now: 4101.
Memory consumption went from 168.4 MB to 167.1 MB.
Total: 7.313400 ms (FindLiveObjects: 0.648600 ms CreateObjectMapping: 0.351800 ms MarkObjects: 5.859300 ms  DeleteObjects: 0.452000 ms)

AssetImportParameters requested are different than current active one (requested -> active):
  custom:container-demuxer-ogg: 62fdf1f143b41e24485cea50d1cbac27 -> 
  custom:video-decoder-ogg-theora: a1e56fd34408186e4bbccfd4996cb3dc -> 
  custom:framework-win-MediaFoundation: 216162199b28c13a410421893ffa2e32 -> 
  custom:CustomObjectIndexerAttribute: 6d391050e5a25f67b0a2c618074f2cd9 -> 
  custom:container-demuxer-webm: 4f35f7cbe854078d1ac9338744f61a02 -> 
  custom:container-muxer-webm: aa71ff27fc2769a1b78a27578f13a17b -> 
  custom:video-decoder-webm-vp8: 9c59270c3fd7afecdb556c50c9e8de78 -> 
  custom:SearchIndexIgnoredProperties: e643bd26f0fe6173181afceb89e7c659 -> 
  custom:AudioImporter_EditorPlatform: d09bf68614088b80899f8185d706f6e7 -> 
  custom:scripting/monoscript/fileName/PS_ExampleRandomColorChange.cs: 5260826c1b66aceeacedf94e7b6dd220 -> 
  custom:scripting/monoscript/fileName/PS_ColorChanger.cs: 3ca564b25e12759f4f8b0ce764749626 -> 
  custom:video-encoder-webm-vp8: eb34c28f22e8b96e1ab97ce403110664 -> 
  custom:audio-decoder-ogg-vorbis: bf7c407c2cedff20999df2af8eb42d56 -> 
  custom:scripting/monoscript/fileName/PS_ColorChangerEditor.cs: c8bf8a9e3003effc6aff4c883a0dbdc1 -> 
  custom:audio-encoder-webm-vorbis: bf7c407c2cedff20999df2af8eb42d56 -> 
========================================================================
Received Import Request.
  Time since last request: 1131989.102057 seconds.
  path: Assets/Travis Game Assets/Status Effects/Pipeline Upgrade/Status Effects FREE - URP.unitypackage
  artifactKey: Guid(176729cb8ee259b4fb86d0656ac891a3) Importer(815301076,1909f56bfc062723c751e8b465ee728b)
Start importing Assets/Travis Game Assets/Status Effects/Pipeline Upgrade/Status Effects FREE - URP.unitypackage using Guid(176729cb8ee259b4fb86d0656ac891a3) Importer(815301076,1909f56bfc062723c751e8b465ee728b)  -> (artifact id: '67a211b20466feb996fb0b420233a9f3') in 0.012738 seconds
Number of updated asset objects reloaded before import = 0
Number of asset objects unloaded after import = 1
========================================================================
Received Prepare
Begin MonoManager ReloadAssembly
- Loaded All Assemblies, in  0.657 seconds
Refreshing native plugins compatible for Editor in 5.56 ms, found 3 plugins.
Native extension for WindowsStandalone target not found
Native extension for WebGL target not found
[Package Manager] Server::EnsureServerProcessIsRunning -- launch failed, reason: Unity was launched with the -noUpm command-line argument
[Package Manager] UpmClient::Send -- Unable to send message (not connected to UPM process).
[Package Manager] Cannot connect to Unity Package Manager local server
Mono: successfully reloaded assembly
- Finished resetting the current domain, in  2.556 seconds
Domain Reload Profiling: 3210ms
	BeginReloadAssembly (256ms)
		ExecutionOrderSort (0ms)
		DisableScriptedObjects (4ms)
		BackupInstance (0ms)
		ReleaseScriptingObjects (0ms)
		CreateAndSetChildDomain (38ms)
	RebuildCommonClasses (53ms)
	RebuildNativeTypeToScriptingClass (12ms)
	initialDomainReloadingComplete (39ms)
	LoadAllAssembliesAndSetupDomain (293ms)
		LoadAssemblies (441ms)
		RebuildTransferFunctionScriptingTraits (0ms)
		AnalyzeDomain (37ms)
			TypeCache.Refresh (13ms)
				TypeCache.ScanAssembly (0ms)
			ScanForSourceGeneratedMonoScriptInfo (16ms)
			ResolveRequiredComponents (6ms)
	FinalizeReload (2556ms)
		ReleaseScriptCaches (0ms)
		RebuildScriptCaches (0ms)
		SetupLoadedEditorAssemblies (458ms)
			LogAssemblyErrors (0ms)
			InitializePlatformSupportModulesInManaged (7ms)
			SetLoadedEditorAssemblies (5ms)
			RefreshPlugins (0ms)
			BeforeProcessingInitializeOnLoad (70ms)
			ProcessInitializeOnLoadAttributes (348ms)
			ProcessInitializeOnLoadMethodAttributes (21ms)
			AfterProcessingInitializeOnLoad (8ms)
			EditorAssembliesLoaded (0ms)
		ExecutionOrderSort2 (0ms)
		AwakeInstancesAfterBackupRestoration (7ms)
Refreshing native plugins compatible for Editor in 43.36 ms, found 3 plugins.
Preloading 0 native plugins for Editor in 0.00 ms.
Unloading 3566 Unused Serialized files (Serialized files now loaded: 0)
Unloading 36 unused Assets / (1.3 MB). Loaded Objects now: 4105.
Memory consumption went from 157.0 MB to 155.8 MB.
Total: 4.883500 ms (FindLiveObjects: 0.573700 ms CreateObjectMapping: 0.194900 ms MarkObjects: 3.436500 ms  DeleteObjects: 0.675800 ms)

Prepare: number of updated asset objects reloaded= 0
AssetImportParameters requested are different than current active one (requested -> active):
  custom:container-demuxer-ogg: 62fdf1f143b41e24485cea50d1cbac27 -> 
  custom:video-decoder-ogg-theora: a1e56fd34408186e4bbccfd4996cb3dc -> 
  custom:framework-win-MediaFoundation: 216162199b28c13a410421893ffa2e32 -> 
  custom:CustomObjectIndexerAttribute: 6d391050e5a25f67b0a2c618074f2cd9 -> 
  custom:container-demuxer-webm: 4f35f7cbe854078d1ac9338744f61a02 -> 
  custom:container-muxer-webm: aa71ff27fc2769a1b78a27578f13a17b -> 
  custom:video-decoder-webm-vp8: 9c59270c3fd7afecdb556c50c9e8de78 -> 
  custom:SearchIndexIgnoredProperties: e643bd26f0fe6173181afceb89e7c659 -> 
  custom:AudioImporter_EditorPlatform: d09bf68614088b80899f8185d706f6e7 -> 
  custom:scripting/monoscript/fileName/PS_ExampleRandomColorChange.cs: 5260826c1b66aceeacedf94e7b6dd220 -> 
  custom:scripting/monoscript/fileName/PS_ColorChanger.cs: 3ca564b25e12759f4f8b0ce764749626 -> 
  custom:video-encoder-webm-vp8: eb34c28f22e8b96e1ab97ce403110664 -> 
  custom:audio-decoder-ogg-vorbis: bf7c407c2cedff20999df2af8eb42d56 -> 
  custom:scripting/monoscript/fileName/PS_ColorChangerEditor.cs: c8bf8a9e3003effc6aff4c883a0dbdc1 -> 
  custom:audio-encoder-webm-vorbis: bf7c407c2cedff20999df2af8eb42d56 -> 
========================================================================
Received Import Request.
  Time since last request: 52.467627 seconds.
  path: Assets/particle/Travis Game Assets/Status Effects
  artifactKey: Guid(435363c72b6550948aba4d18401b8067) Importer(815301076,1909f56bfc062723c751e8b465ee728b)
Start importing Assets/particle/Travis Game Assets/Status Effects using Guid(435363c72b6550948aba4d18401b8067) Importer(815301076,1909f56bfc062723c751e8b465ee728b)  -> (artifact id: '8f75e7147c2ae5f9352f20b5cd3a3f5b') in 0.008610 seconds
Number of updated asset objects reloaded before import = 0
Number of asset objects unloaded after import = 0
========================================================================
Received Import Request.
  Time since last request: 0.919520 seconds.
  path: Assets/particle/Travis Game Assets/Status Effects/Demo Scene
  artifactKey: Guid(1b98ff9fcc142f84fadc06b6a9b7b141) Importer(815301076,1909f56bfc062723c751e8b465ee728b)
Start importing Assets/particle/Travis Game Assets/Status Effects/Demo Scene using Guid(1b98ff9fcc142f84fadc06b6a9b7b141) Importer(815301076,1909f56bfc062723c751e8b465ee728b)  -> (artifact id: '328303d45529513f4fa18a5fc8deb506') in 0.000471 seconds
Number of updated asset objects reloaded before import = 0
Number of asset objects unloaded after import = 0
========================================================================
Received Import Request.
  Time since last request: 5.236277 seconds.
  path: Assets/particle/Travis Game Assets/Status Effects/Demo Scene/Animations
  artifactKey: Guid(5791f37b26074974eae9fece409b9997) Importer(815301076,1909f56bfc062723c751e8b465ee728b)
Start importing Assets/particle/Travis Game Assets/Status Effects/Demo Scene/Animations using Guid(5791f37b26074974eae9fece409b9997) Importer(815301076,1909f56bfc062723c751e8b465ee728b)  -> (artifact id: '6da55d9bf2302d291c0b0f0cd289d9a3') in 0.001039 seconds
Number of updated asset objects reloaded before import = 0
Number of asset objects unloaded after import = 0
========================================================================
Received Import Request.
  Time since last request: 0.079925 seconds.
  path: Assets/particle/Travis Game Assets/Status Effects/Demo Scene/Animations/Skeleton@Buff01.fbx
  artifactKey: Guid(8642cf204e18c5144a3de39fb31101ef) Importer(815301076,1909f56bfc062723c751e8b465ee728b)
Start importing Assets/particle/Travis Game Assets/Status Effects/Demo Scene/Animations/Skeleton@Buff01.fbx using Guid(8642cf204e18c5144a3de39fb31101ef) Importer(815301076,1909f56bfc062723c751e8b465ee728b)  -> (artifact id: '6c0df501bd55e932aad9befd5d8ad851') in 0.034761 seconds
Number of updated asset objects reloaded before import = 0
Number of asset objects unloaded after import = 131
========================================================================
Received Import Request.
  Time since last request: 0.000017 seconds.
  path: Assets/particle/Travis Game Assets/Status Effects/Demo Scene/Animations/SkeletonAnimationsAvatar.fbx
  artifactKey: Guid(74e2c4e13b8109a4db3d33538a1c320c) Importer(815301076,1909f56bfc062723c751e8b465ee728b)
Start importing Assets/particle/Travis Game Assets/Status Effects/Demo Scene/Animations/SkeletonAnimationsAvatar.fbx using Guid(74e2c4e13b8109a4db3d33538a1c320c) Importer(815301076,1909f56bfc062723c751e8b465ee728b)  -> (artifact id: 'affd41ddc98c8a32d2e5bc014929788e') in 0.116053 seconds
Number of updated asset objects reloaded before import = 0
Number of asset objects unloaded after import = 136
========================================================================
Received Import Request.
  Time since last request: 9.412531 seconds.
  path: Assets/particle/Travis Game Assets/Status Effects/Demo Scene/AnimatorControllers
  artifactKey: Guid(b9f524cec36ce9042969514d683f27be) Importer(815301076,1909f56bfc062723c751e8b465ee728b)
Start importing Assets/particle/Travis Game Assets/Status Effects/Demo Scene/AnimatorControllers using Guid(b9f524cec36ce9042969514d683f27be) Importer(815301076,1909f56bfc062723c751e8b465ee728b)  -> (artifact id: '6705b53e25e18739e0c48ed6f028501e') in 0.000483 seconds
Number of updated asset objects reloaded before import = 0
Number of asset objects unloaded after import = 0
========================================================================
Received Import Request.
  Time since last request: 1.850092 seconds.
  path: Assets/particle/Travis Game Assets/Status Effects/Demo Scene/Materials
  artifactKey: Guid(c3d2353fd86bd6b43a178617363f40b9) Importer(815301076,1909f56bfc062723c751e8b465ee728b)
Start importing Assets/particle/Travis Game Assets/Status Effects/Demo Scene/Materials using Guid(c3d2353fd86bd6b43a178617363f40b9) Importer(815301076,1909f56bfc062723c751e8b465ee728b)  -> (artifact id: '431fe96fbcc99fd51574f88d4f356218') in 0.000874 seconds
Number of updated asset objects reloaded before import = 0
Number of asset objects unloaded after import = 0
========================================================================
Received Import Request.
  Time since last request: 0.066574 seconds.
  path: Assets/particle/Travis Game Assets/Status Effects/Demo Scene/Materials/HitImpactEffects_Floor.mat
  artifactKey: Guid(b0b4e880ae2ab6540b044e0c0252a003) Importer(815301076,1909f56bfc062723c751e8b465ee728b)
Start importing Assets/particle/Travis Game Assets/Status Effects/Demo Scene/Materials/HitImpactEffects_Floor.mat using Guid(b0b4e880ae2ab6540b044e0c0252a003) Importer(815301076,1909f56bfc062723c751e8b465ee728b)  -> (artifact id: 'a70661475867762fe53926634abf957f') in 0.036950 seconds
Number of updated asset objects reloaded before import = 0
Number of asset objects unloaded after import = 2
========================================================================
Received Import Request.
  Time since last request: 2.575435 seconds.
  path: Assets/particle/Travis Game Assets/Status Effects/Demo Scene/Models
  artifactKey: Guid(446467ceaff5ea64ca088202d4de5205) Importer(815301076,1909f56bfc062723c751e8b465ee728b)
Start importing Assets/particle/Travis Game Assets/Status Effects/Demo Scene/Models using Guid(446467ceaff5ea64ca088202d4de5205) Importer(815301076,1909f56bfc062723c751e8b465ee728b)  -> (artifact id: '809d533d5a2b64e59ef9b7b3f93738be') in 0.000537 seconds
Number of updated asset objects reloaded before import = 0
Number of asset objects unloaded after import = 0
========================================================================
Received Import Request.
  Time since last request: 0.039317 seconds.
  path: Assets/particle/Travis Game Assets/Status Effects/Demo Scene/Models/ClothedSkeletonModel.fbx
  artifactKey: Guid(56cbd83b81fb08c4f9b22c0ddbc8ad49) Importer(815301076,1909f56bfc062723c751e8b465ee728b)
Start importing Assets/particle/Travis Game Assets/Status Effects/Demo Scene/Models/ClothedSkeletonModel.fbx using Guid(56cbd83b81fb08c4f9b22c0ddbc8ad49) Importer(815301076,1909f56bfc062723c751e8b465ee728b)  -> (artifact id: 'e19b2cfffb448a5ba77b6825f51bd575') in 0.031587 seconds
Number of updated asset objects reloaded before import = 0
Number of asset objects unloaded after import = 138
========================================================================
Received Import Request.
  Time since last request: 2.131134 seconds.
  path: Assets/particle/Travis Game Assets/Status Effects/Demo Scene/Prefabs
  artifactKey: Guid(0a655a31bc30f174fa646f503a84524d) Importer(815301076,1909f56bfc062723c751e8b465ee728b)
Start importing Assets/particle/Travis Game Assets/Status Effects/Demo Scene/Prefabs using Guid(0a655a31bc30f174fa646f503a84524d) Importer(815301076,1909f56bfc062723c751e8b465ee728b)  -> (artifact id: '72f7e6c4c6fd5a1c8ae917743ed122fd') in 0.000621 seconds
Number of updated asset objects reloaded before import = 0
Number of asset objects unloaded after import = 0
========================================================================
Received Import Request.
  Time since last request: 0.036422 seconds.
  path: Assets/particle/Travis Game Assets/Status Effects/Demo Scene/Prefabs/VillagerSkeleton.prefab
  artifactKey: Guid(840a75a9827f2b84d9c72672b60d62c3) Importer(815301076,1909f56bfc062723c751e8b465ee728b)
Start importing Assets/particle/Travis Game Assets/Status Effects/Demo Scene/Prefabs/VillagerSkeleton.prefab using Guid(840a75a9827f2b84d9c72672b60d62c3) Importer(815301076,1909f56bfc062723c751e8b465ee728b)  -> (artifact id: '50f957f25996cb58fff315e94ac5fa9c') in 0.022839 seconds
Number of updated asset objects reloaded before import = 0
Number of asset objects unloaded after import = 142
========================================================================
Received Import Request.
  Time since last request: 1.588857 seconds.
  path: Assets/particle/Travis Game Assets/Status Effects/Demo Scene/Scripts
  artifactKey: Guid(44959d13fea64fe40be7b8946e706544) Importer(815301076,1909f56bfc062723c751e8b465ee728b)
Start importing Assets/particle/Travis Game Assets/Status Effects/Demo Scene/Scripts using Guid(44959d13fea64fe40be7b8946e706544) Importer(815301076,1909f56bfc062723c751e8b465ee728b)  -> (artifact id: '1e55b805caa22547b98a94f7262c0e97') in 0.000560 seconds
Number of updated asset objects reloaded before import = 0
Number of asset objects unloaded after import = 0
========================================================================
Received Import Request.
  Time since last request: 4.513100 seconds.
  path: Assets/particle/Travis Game Assets/Status Effects/Materials
  artifactKey: Guid(fec515fb2c02c6a4ab5045d43afe6c17) Importer(815301076,1909f56bfc062723c751e8b465ee728b)
Start importing Assets/particle/Travis Game Assets/Status Effects/Materials using Guid(fec515fb2c02c6a4ab5045d43afe6c17) Importer(815301076,1909f56bfc062723c751e8b465ee728b)  -> (artifact id: '08edee2d4dcf1f18cd490e4b02623ffc') in 0.000941 seconds
Number of updated asset objects reloaded before import = 0
Number of asset objects unloaded after import = 0
========================================================================
Received Import Request.
  Time since last request: 0.069552 seconds.
  path: Assets/particle/Travis Game Assets/Status Effects/Materials/Buff_02a_PointGlowBig_03.mat
  artifactKey: Guid(10007fe39aa499b4e9f1cac19796d69c) Importer(815301076,1909f56bfc062723c751e8b465ee728b)
Start importing Assets/particle/Travis Game Assets/Status Effects/Materials/Buff_02a_PointGlowBig_03.mat using Guid(10007fe39aa499b4e9f1cac19796d69c) Importer(815301076,1909f56bfc062723c751e8b465ee728b)  -> (artifact id: 'da791b334e1bc7da3632081dfe7a64ad') in 0.013600 seconds
Number of updated asset objects reloaded before import = 0
Number of asset objects unloaded after import = 2
========================================================================
Received Import Request.
  Time since last request: 0.015153 seconds.
  path: Assets/particle/Travis Game Assets/Status Effects/Materials/Debuff_03_MagicCircle_01.mat
  artifactKey: Guid(53546c84955177a43bd8b3245c6fddab) Importer(815301076,1909f56bfc062723c751e8b465ee728b)
Start importing Assets/particle/Travis Game Assets/Status Effects/Materials/Debuff_03_MagicCircle_01.mat using Guid(53546c84955177a43bd8b3245c6fddab) Importer(815301076,1909f56bfc062723c751e8b465ee728b)  -> (artifact id: '62f4bbb35336b05012deee43462c11ba') in 0.017031 seconds
Number of updated asset objects reloaded before import = 0
Number of asset objects unloaded after import = 2
========================================================================
Received Import Request.
  Time since last request: 0.000017 seconds.
  path: Assets/particle/Travis Game Assets/Status Effects/Materials/StatusAilment_01_Star_01.mat
  artifactKey: Guid(6a4bf41a355a7b5448189b61146afbbf) Importer(815301076,1909f56bfc062723c751e8b465ee728b)
Start importing Assets/particle/Travis Game Assets/Status Effects/Materials/StatusAilment_01_Star_01.mat using Guid(6a4bf41a355a7b5448189b61146afbbf) Importer(815301076,1909f56bfc062723c751e8b465ee728b)  -> (artifact id: '6ab6b68b69fb81ab64f96244e7c21820') in 0.031636 seconds
Number of updated asset objects reloaded before import = 0
Number of asset objects unloaded after import = 2
========================================================================
Received Import Request.
  Time since last request: 0.000023 seconds.
  path: Assets/particle/Travis Game Assets/Status Effects/Materials/StatusAilment_01_NoiseSpark_01.mat
  artifactKey: Guid(fdd6ecdb01e6b99409e7a99534e9c49c) Importer(815301076,1909f56bfc062723c751e8b465ee728b)
Start importing Assets/particle/Travis Game Assets/Status Effects/Materials/StatusAilment_01_NoiseSpark_01.mat using Guid(fdd6ecdb01e6b99409e7a99534e9c49c) Importer(815301076,1909f56bfc062723c751e8b465ee728b)  -> (artifact id: 'c3e52ad419340d8db43ff16622ddb3eb') in 0.023931 seconds
Number of updated asset objects reloaded before import = 0
Number of asset objects unloaded after import = 2
========================================================================
Received Import Request.
  Time since last request: 4.244199 seconds.
  path: Assets/particle/Travis Game Assets/Status Effects/Models
  artifactKey: Guid(743b47e46f74eb34890fb64a84112350) Importer(815301076,1909f56bfc062723c751e8b465ee728b)
Start importing Assets/particle/Travis Game Assets/Status Effects/Models using Guid(743b47e46f74eb34890fb64a84112350) Importer(815301076,1909f56bfc062723c751e8b465ee728b)  -> (artifact id: '3f4f2f46d93570c867d764f33b62283e') in 0.000479 seconds
Number of updated asset objects reloaded before import = 0
Number of asset objects unloaded after import = 0
========================================================================
Received Import Request.
  Time since last request: 0.037039 seconds.
  path: Assets/particle/Travis Game Assets/Status Effects/Models/Ring_01.fbx
  artifactKey: Guid(7a41db306d0f2b44aa9b4c2cf8489ac6) Importer(815301076,1909f56bfc062723c751e8b465ee728b)
Start importing Assets/particle/Travis Game Assets/Status Effects/Models/Ring_01.fbx using Guid(7a41db306d0f2b44aa9b4c2cf8489ac6) Importer(815301076,1909f56bfc062723c751e8b465ee728b)  -> (artifact id: 'ae333cf36ada4480f2be603fef8cc589') in 0.013902 seconds
Number of updated asset objects reloaded before import = 0
Number of asset objects unloaded after import = 7
========================================================================
Received Import Request.
  Time since last request: 2.145956 seconds.
  path: Assets/particle/Travis Game Assets/Status Effects/Pipeline Upgrade
  artifactKey: Guid(4d265a6cadce31a4b9bf06218de679fe) Importer(815301076,1909f56bfc062723c751e8b465ee728b)
Start importing Assets/particle/Travis Game Assets/Status Effects/Pipeline Upgrade using Guid(4d265a6cadce31a4b9bf06218de679fe) Importer(815301076,1909f56bfc062723c751e8b465ee728b)  -> (artifact id: '6629bc08a440571bef5378c2488e706d') in 0.000684 seconds
Number of updated asset objects reloaded before import = 0
Number of asset objects unloaded after import = 0
========================================================================
Received Import Request.
  Time since last request: 1.702092 seconds.
  path: Assets/particle/Travis Game Assets/Status Effects/Prefabs
  artifactKey: Guid(9790501da225e024782b6234c5c23d86) Importer(815301076,1909f56bfc062723c751e8b465ee728b)
Start importing Assets/particle/Travis Game Assets/Status Effects/Prefabs using Guid(9790501da225e024782b6234c5c23d86) Importer(815301076,1909f56bfc062723c751e8b465ee728b)  -> (artifact id: '4e8dd32299a34d32cf437a810d8d7b7b') in 0.000826 seconds
Number of updated asset objects reloaded before import = 0
Number of asset objects unloaded after import = 0
========================================================================
Received Import Request.
  Time since last request: 0.073429 seconds.
  path: Assets/particle/Travis Game Assets/Status Effects/Prefabs/Buff_03a.prefab
  artifactKey: Guid(7e691a0229efacd4cba2922df3888456) Importer(815301076,1909f56bfc062723c751e8b465ee728b)
Start importing Assets/particle/Travis Game Assets/Status Effects/Prefabs/Buff_03a.prefab using Guid(7e691a0229efacd4cba2922df3888456) Importer(815301076,1909f56bfc062723c751e8b465ee728b)  -> (artifact id: 'f70d2c38584c55093d08bb12ac9e596d') in 0.031702 seconds
Number of updated asset objects reloaded before import = 0
Number of asset objects unloaded after import = 23
========================================================================
Received Import Request.
  Time since last request: 0.000015 seconds.
  path: Assets/particle/Travis Game Assets/Status Effects/Prefabs/StatusAilment_01_Aura.prefab
  artifactKey: Guid(b3db7d4d711f94d4796743baa5ba7a38) Importer(815301076,1909f56bfc062723c751e8b465ee728b)
Start importing Assets/particle/Travis Game Assets/Status Effects/Prefabs/StatusAilment_01_Aura.prefab using Guid(b3db7d4d711f94d4796743baa5ba7a38) Importer(815301076,1909f56bfc062723c751e8b465ee728b)  -> (artifact id: 'a7423848aaa171a052ae72979ff000d8') in 0.026154 seconds
Number of updated asset objects reloaded before import = 0
Number of asset objects unloaded after import = 22
Editor requested this worker to shutdown with reason: Scaling down because of idle timeout
TcpMessagingSession - receive error: operation aborted. errorcode: 995, details: The I/O operation has been aborted because of either a thread exit or an application request.
AssetImportWorker is now disconnected from the server
Process exiting
Exiting without the bug reporter. Application will terminate with return code 0